j:\games\megaman legends\gamehacking\dev\dash2\dash2\dash2\debug\dash2.pch
j:\games\megaman legends\gamehacking\dev\dash2\dash2\dash2\debug\vc142.pdb
j:\games\megaman legends\gamehacking\dev\dash2\dash2\dash2\debug\vc142.idb
j:\games\megaman legends\gamehacking\dev\dash2\dash2\dash2\debug\pch.obj
j:\games\megaman legends\gamehacking\dev\dash2\dash2\dash2\debug\dllmain.obj
j:\games\megaman legends\gamehacking\dev\dash2\dash2\debug\dash2.lib
j:\games\megaman legends\gamehacking\dev\dash2\dash2\debug\dash2.exp
j:\games\megaman legends\gamehacking\dev\dash2\dash2\debug\dash2.pdb
j:\games\megaman legends\gamehacking\dev\dash2\dash2\dash2\debug\dash2.tlog\cl.command.1.tlog
j:\games\megaman legends\gamehacking\dev\dash2\dash2\dash2\debug\dash2.tlog\cl.read.1.tlog
j:\games\megaman legends\gamehacking\dev\dash2\dash2\dash2\debug\dash2.tlog\cl.write.1.tlog
j:\games\megaman legends\gamehacking\dev\dash2\dash2\dash2\debug\dash2.tlog\dash2.write.1u.tlog
j:\games\megaman legends\gamehacking\dev\dash2\dash2\dash2\debug\dash2.tlog\link.15816.delete.1.tlog
j:\games\megaman legends\gamehacking\dev\dash2\dash2\dash2\debug\dash2.tlog\link.20092-cvtres.read.1.tlog
j:\games\megaman legends\gamehacking\dev\dash2\dash2\dash2\debug\dash2.tlog\link.20092-cvtres.write.1.tlog
j:\games\megaman legends\gamehacking\dev\dash2\dash2\dash2\debug\dash2.tlog\link.20092-rc.read.1.tlog
j:\games\megaman legends\gamehacking\dev\dash2\dash2\dash2\debug\dash2.tlog\link.20092-rc.write.1.tlog
j:\games\megaman legends\gamehacking\dev\dash2\dash2\dash2\debug\dash2.tlog\link.20092.read.1.tlog
j:\games\megaman legends\gamehacking\dev\dash2\dash2\dash2\debug\dash2.tlog\link.20092.write.1.tlog
j:\games\megaman legends\gamehacking\dev\dash2\dash2\dash2\debug\dash2.tlog\link.command.1.tlog
j:\games\megaman legends\gamehacking\dev\dash2\dash2\dash2\debug\dash2.tlog\link.read.1.tlog
j:\games\megaman legends\gamehacking\dev\dash2\dash2\dash2\debug\dash2.tlog\link.write.1.tlog
